  Game.cpp
C:\Users\Steve\source\repos\SDLGameFun\SDLGameFun\Game.cpp(70,22): warning C4244: 'argument': conversion from 'uint32_t' to 'float', possible loss of data
  GEvent.cpp
C:\Program Files\Microsoft Visual Studio\2022\Community\VC\Tools\MSVC\14.35.32215\include\xstddef(142,55): error C2676: binary '<': 'const _Ty' does not define this operator or a conversion to a type acceptable to the predefined operator
          with
          [
              _Ty=Observer
          ]
C:\Program Files\Microsoft Visual Studio\2022\Community\VC\Tools\MSVC\14.35.32215\include\vector(2373,30): message : could be 'bool std::operator <(const std::vector<_Ty,_Alloc> &,const std::vector<_Ty,_Alloc> &)'
C:\Program Files\Microsoft Visual Studio\2022\Community\VC\Tools\MSVC\14.35.32215\include\xstddef(142,49): message : 'bool std::operator <(const std::vector<_Ty,_Alloc> &,const std::vector<_Ty,_Alloc> &)': could not deduce template argument for 'const std::vector<_Ty,_Alloc> &' from 'const _Ty'
          with
          [
              _Ty=Observer
          ]
C:\Program Files\Microsoft Visual Studio\2022\Community\VC\Tools\MSVC\14.35.32215\include\map(653,17): message : or       'bool std::operator <(const std::multimap<_Kty,_Ty,_Pr,_Alloc> &,const std::multimap<_Kty,_Ty,_Pr,_Alloc> &)'
C:\Program Files\Microsoft Visual Studio\2022\Community\VC\Tools\MSVC\14.35.32215\include\xstddef(142,49): message : 'bool std::operator <(const std::multimap<_Kty,_Ty,_Pr,_Alloc> &,const std::multimap<_Kty,_Ty,_Pr,_Alloc> &)': could not deduce template argument for 'const std::multimap<_Kty,_Ty,_Pr,_Alloc> &' from 'const _Ty'
          with
          [
              _Ty=Observer
          ]
C:\Program Files\Microsoft Visual Studio\2022\Community\VC\Tools\MSVC\14.35.32215\include\map(420,17): message : or       'bool std::operator <(const std::map<_Kty,_Ty,_Pr,_Alloc> &,const std::map<_Kty,_Ty,_Pr,_Alloc> &)'
C:\Program Files\Microsoft Visual Studio\2022\Community\VC\Tools\MSVC\14.35.32215\include\xstddef(142,49): message : 'bool std::operator <(const std::map<_Kty,_Ty,_Pr,_Alloc> &,const std::map<_Kty,_Ty,_Pr,_Alloc> &)': could not deduce template argument for 'const std::map<_Kty,_Ty,_Pr,_Alloc> &' from 'const _Ty'
          with
          [
              _Ty=Observer
          ]
C:\Program Files\Microsoft Visual Studio\2022\Community\VC\Tools\MSVC\14.35.32215\include\xutility(3992,5): message : or       'bool std::operator <(const std::move_iterator<_Iter> &,const std::move_iterator<_Iter2> &) noexcept(<expr>)'
C:\Program Files\Microsoft Visual Studio\2022\Community\VC\Tools\MSVC\14.35.32215\include\xstddef(142,49): message : 'bool std::operator <(const std::move_iterator<_Iter> &,const std::move_iterator<_Iter2> &) noexcept(<expr>)': could not deduce template argument for 'const std::move_iterator<_Iter> &' from 'const _Ty'
          with
          [
              _Ty=Observer
          ]
C:\Program Files\Microsoft Visual Studio\2022\Community\VC\Tools\MSVC\14.35.32215\include\xutility(1471,5): message : or       'bool std::operator <(const std::reverse_iterator<_BidIt> &,const std::reverse_iterator<_BidIt2> &) noexcept(<expr>)'
C:\Program Files\Microsoft Visual Studio\2022\Community\VC\Tools\MSVC\14.35.32215\include\xstddef(142,49): message : 'bool std::operator <(const std::reverse_iterator<_BidIt> &,const std::reverse_iterator<_BidIt2> &) noexcept(<expr>)': could not deduce template argument for 'const std::reverse_iterator<_BidIt> &' from 'const _Ty'
          with
          [
              _Ty=Observer
          ]
C:\Program Files\Microsoft Visual Studio\2022\Community\VC\Tools\MSVC\14.35.32215\include\tuple(693,27): message : or       'bool std::operator <(const std::tuple<_Types...> &,const std::tuple<_Types...> &)'
C:\Program Files\Microsoft Visual Studio\2022\Community\VC\Tools\MSVC\14.35.32215\include\xstddef(142,49): message : 'bool std::operator <(const std::tuple<_Types...> &,const std::tuple<_Types...> &)': could not deduce template argument for 'const std::tuple<_Types...> &' from 'const _Ty'
          with
          [
              _Ty=Observer
          ]
C:\Program Files\Microsoft Visual Studio\2022\Community\VC\Tools\MSVC\14.35.32215\include\utility(389,27): message : or       'bool std::operator <(const std::pair<_Ty1,_Ty2> &,const std::pair<_Ty1,_Ty2> &)'
C:\Program Files\Microsoft Visual Studio\2022\Community\VC\Tools\MSVC\14.35.32215\include\xstddef(142,49): message : 'bool std::operator <(const std::pair<_Ty1,_Ty2> &,const std::pair<_Ty1,_Ty2> &)': could not deduce template argument for 'const std::pair<_Ty1,_Ty2> &' from 'const _Ty'
          with
          [
              _Ty=Observer
          ]
C:\Program Files\Microsoft Visual Studio\2022\Community\VC\Tools\MSVC\14.35.32215\include\xtree(1690,18): message : see reference to variable template 'const bool _Nothrow_compare<std::less<Observer>,Observer,Observer>' being compiled
C:\Program Files\Microsoft Visual Studio\2022\Community\VC\Tools\MSVC\14.35.32215\include\xtree(1689,30): message : while compiling class template member function 'std::pair<std::_Tree_node<std::pair<const Observer,std::vector<std::function<const void (void)>,std::allocator<std::function<const void (void)>>>>,std::_Default_allocator_traits<_Alloc>::void_pointer> *,std::_Tree_node<std::pair<const Observer,std::vector<std::function<const void (void)>,std::allocator<std::function<const void (void)>>>>,std::_Default_allocator_traits<_Alloc>::void_pointer> *> std::_Tree<std::_Tmap_traits<_Kty,_Ty,_Pr,_Alloc,false>>::_Eqrange<Observer>(const _Other &) noexcept(<expr>) const'
          with
          [
              _Alloc=std::allocator<std::pair<const Observer,std::vector<std::function<const void (void)>,std::allocator<std::function<const void (void)>>>>>,
              _Kty=Observer,
              _Ty=std::vector<std::function<const void (void)>,std::allocator<std::function<const void (void)>>>,
              _Pr=std::less<Observer>,
              _Other=Observer
          ]
